  Cell.cpp
  Generator.cpp
  main.cpp
  Generating Code...
Generator.obj : error LNK2019: unresolved external symbol "__declspec(dllimport) public: __cdecl sf::String::String(class std::basic_string<char,struct std::char_traits<char>,class std::allocator<char> > const &,class std::locale const &)" (__imp_??0String@sf@@QEAA@AEBV?$basic_string@DU?$char_traits@D@std@@V?$allocator@D@2@@std@@AEBVlocale@3@@Z) referenced in function "private: void __cdecl Generator::initwindow(void)" (?initwindow@Generator@@AEAAXXZ)
Generator.obj : error LNK2019: unresolved external symbol "__declspec(dllimport) public: __cdecl sf::String::~String(void)" (__imp_??1String@sf@@QEAA@XZ) referenced in function "private: void __cdecl Generator::initwindow(void)" (?initwindow@Generator@@AEAAXXZ)
Generator.obj : error LNK2019: unresolved external symbol "__declspec(dllimport) public: __cdecl sf::VideoMode::VideoMode(void)" (__imp_??0VideoMode@sf@@QEAA@XZ) referenced in function "public: __cdecl Generator::Generator(void)" (??0Generator@@QEAA@XZ)
Generator.obj : error LNK2019: unresolved external symbol "__declspec(dllimport) public: __cdecl sf::VideoMode::VideoMode(unsigned int,unsigned int,unsigned int)" (__imp_??0VideoMode@sf@@QEAA@III@Z) referenced in function "private: void __cdecl Generator::initVariables(void)" (?initVariables@Generator@@AEAAXXZ)
Generator.obj : error LNK2019: unresolved external symbol "__declspec(dllimport) public: bool __cdecl sf::WindowBase::isOpen(void)const " (__imp_?isOpen@WindowBase@sf@@QEBA_NXZ) referenced in function "public: bool const __cdecl Generator::isRunning(void)const " (?isRunning@Generator@@QEBA?B_NXZ)
Generator.obj : error LNK2019: unresolved external symbol "__declspec(dllimport) public: bool __cdecl sf::WindowBase::pollEvent(class sf::Event &)" (__imp_?pollEvent@WindowBase@sf@@QEAA_NAEAVEvent@2@@Z) referenced in function "private: void __cdecl Generator::pollEvents(void)" (?pollEvents@Generator@@AEAAXXZ)
Generator.obj : error LNK2019: unresolved external symbol "__declspec(dllimport) public: void __cdecl sf::Window::display(void)" (__imp_?display@Window@sf@@QEAAXXZ) referenced in function "public: void __cdecl Generator::render(void)" (?render@Generator@@QEAAXXZ)
Generator.obj : error LNK2019: unresolved external symbol "__declspec(dllimport) public: __cdecl sf::Color::Color(unsigned char,unsigned char,unsigned char,unsigned char)" (__imp_??0Color@sf@@QEAA@EEEE@Z) referenced in function "public: void __cdecl Generator::render(void)" (?render@Generator@@QEAAXXZ)
Generator.obj : error LNK2019: unresolved external symbol "__declspec(dllimport) public: void __cdecl sf::RenderTarget::clear(class sf::Color const &)" (__imp_?clear@RenderTarget@sf@@QEAAXAEBVColor@2@@Z) referenced in function "public: void __cdecl Generator::render(void)" (?render@Generator@@QEAAXXZ)
Generator.obj : error LNK2019: unresolved external symbol "__declspec(dllimport) public: __cdecl sf::RenderWindow::RenderWindow(class sf::VideoMode,class sf::String const &,unsigned int,struct sf::ContextSettings const &)" (__imp_??0RenderWindow@sf@@QEAA@VVideoMode@1@AEBVString@1@IAEBUContextSettings@1@@Z) referenced in function "private: void __cdecl Generator::initwindow(void)" (?initwindow@Generator@@AEAAXXZ)
Generator.obj : error LNK2019: unresolved external symbol "__declspec(dllimport) public: virtual __cdecl sf::RenderWindow::~RenderWindow(void)" (__imp_??1RenderWindow@sf@@UEAA@XZ) referenced in function "public: virtual void * __cdecl sf::RenderWindow::`scalar deleting destructor'(unsigned int)" (??_GRenderWindow@sf@@UEAAPEAXI@Z)
Generator.obj : error LNK2001: unresolved external symbol "public: virtual void __cdecl sf::Window::create(struct HWND__ *,struct sf::ContextSettings const &)" (?create@Window@sf@@UEAAXPEAUHWND__@@AEBUContextSettings@2@@Z)
Generator.obj : error LNK2001: unresolved external symbol "public: virtual void __cdecl sf::Window::create(struct HWND__ *)" (?create@Window@sf@@UEAAXPEAUHWND__@@@Z)
Generator.obj : error LNK2001: unresolved external symbol "public: virtual void __cdecl sf::Window::create(class sf::VideoMode,class sf::String const &,unsigned int,struct sf::ContextSettings const &)" (?create@Window@sf@@UEAAXVVideoMode@2@AEBVString@2@IAEBUContextSettings@2@@Z)
Generator.obj : error LNK2001: unresolved external symbol "public: virtual void __cdecl sf::Window::create(class sf::VideoMode,class sf::String const &,unsigned int)" (?create@Window@sf@@UEAAXVVideoMode@2@AEBVString@2@I@Z)
Generator.obj : error LNK2001: unresolved external symbol "public: virtual void __cdecl sf::Window::close(void)" (?close@Window@sf@@UEAAXXZ)
Generator.obj : error LNK2001: unresolved external symbol "public: virtual class sf::Vector2<unsigned int> __cdecl sf::RenderWindow::getSize(void)const " (?getSize@RenderWindow@sf@@UEBA?AV?$Vector2@I@2@XZ)
Generator.obj : error LNK2001: unresolved external symbol "public: virtual bool __cdecl sf::RenderWindow::isSrgb(void)const " (?isSrgb@RenderWindow@sf@@UEBA_NXZ)
Generator.obj : error LNK2001: unresolved external symbol "public: virtual bool __cdecl sf::RenderWindow::setActive(bool)" (?setActive@RenderWindow@sf@@UEAA_N_N@Z)
Generator.obj : error LNK2001: unresolved external symbol "protected: virtual void __cdecl sf::RenderWindow::onCreate(void)" (?onCreate@RenderWindow@sf@@MEAAXXZ)
Generator.obj : error LNK2001: unresolved external symbol "protected: virtual void __cdecl sf::RenderWindow::onResize(void)" (?onResize@RenderWindow@sf@@MEAAXXZ)
C:\dev\Game Dev\SFML_Framework\Maze Generator\External\lib\sfml-window-d.lib : warning LNK4272: library machine type 'x86' conflicts with target machine type 'x64'
C:\dev\Game Dev\SFML_Framework\Maze Generator\External\lib\sfml-graphics-d.lib : warning LNK4272: library machine type 'x86' conflicts with target machine type 'x64'
C:\dev\Game Dev\SFML_Framework\Maze Generator\External\lib\sfml-system-d.lib : warning LNK4272: library machine type 'x86' conflicts with target machine type 'x64'
C:\dev\Game Dev\SFML_Framework\Maze Generator\External\lib\sfml-network-d.lib : warning LNK4272: library machine type 'x86' conflicts with target machine type 'x64'
C:\dev\Game Dev\SFML_Framework\Maze Generator\External\lib\sfml-audio-d.lib : warning LNK4272: library machine type 'x86' conflicts with target machine type 'x64'
C:\dev\Game Dev\SFML_Framework\Maze Generator\x64\Debug\Maze Generator.exe : fatal error LNK1120: 21 unresolved externals
