  Cell.cpp
C:\dev\Game Dev\SFML_Framework\Maze Generator\Maze Generator\Cell.cpp(32,41): warning C4244: 'argument': conversion from 'int' to 'T', possible loss of data
C:\dev\Game Dev\SFML_Framework\Maze Generator\Maze Generator\Cell.cpp(32,41): warning C4244:         with
C:\dev\Game Dev\SFML_Framework\Maze Generator\Maze Generator\Cell.cpp(32,41): warning C4244:         [
C:\dev\Game Dev\SFML_Framework\Maze Generator\Maze Generator\Cell.cpp(32,41): warning C4244:             T=float
C:\dev\Game Dev\SFML_Framework\Maze Generator\Maze Generator\Cell.cpp(32,41): warning C4244:         ]
C:\dev\Game Dev\SFML_Framework\Maze Generator\Maze Generator\Cell.cpp(32,38): warning C4244: 'argument': conversion from 'int' to 'T', possible loss of data
C:\dev\Game Dev\SFML_Framework\Maze Generator\Maze Generator\Cell.cpp(32,38): warning C4244:         with
C:\dev\Game Dev\SFML_Framework\Maze Generator\Maze Generator\Cell.cpp(32,38): warning C4244:         [
C:\dev\Game Dev\SFML_Framework\Maze Generator\Maze Generator\Cell.cpp(32,38): warning C4244:             T=float
C:\dev\Game Dev\SFML_Framework\Maze Generator\Maze Generator\Cell.cpp(32,38): warning C4244:         ]
C:\dev\Game Dev\SFML_Framework\Maze Generator\Maze Generator\Cell.cpp(33,53): warning C4244: 'argument': conversion from 'int' to 'T', possible loss of data
C:\dev\Game Dev\SFML_Framework\Maze Generator\Maze Generator\Cell.cpp(33,53): warning C4244:         with
C:\dev\Game Dev\SFML_Framework\Maze Generator\Maze Generator\Cell.cpp(33,53): warning C4244:         [
C:\dev\Game Dev\SFML_Framework\Maze Generator\Maze Generator\Cell.cpp(33,53): warning C4244:             T=float
C:\dev\Game Dev\SFML_Framework\Maze Generator\Maze Generator\Cell.cpp(33,53): warning C4244:         ]
C:\dev\Game Dev\SFML_Framework\Maze Generator\Maze Generator\Cell.cpp(33,40): warning C4244: 'argument': conversion from 'int' to 'T', possible loss of data
C:\dev\Game Dev\SFML_Framework\Maze Generator\Maze Generator\Cell.cpp(33,40): warning C4244:         with
C:\dev\Game Dev\SFML_Framework\Maze Generator\Maze Generator\Cell.cpp(33,40): warning C4244:         [
C:\dev\Game Dev\SFML_Framework\Maze Generator\Maze Generator\Cell.cpp(33,40): warning C4244:             T=float
C:\dev\Game Dev\SFML_Framework\Maze Generator\Maze Generator\Cell.cpp(33,40): warning C4244:         ]
C:\dev\Game Dev\SFML_Framework\Maze Generator\Maze Generator\Cell.cpp(35,55): warning C4244: 'argument': conversion from 'int' to 'T', possible loss of data
C:\dev\Game Dev\SFML_Framework\Maze Generator\Maze Generator\Cell.cpp(35,55): warning C4244:         with
C:\dev\Game Dev\SFML_Framework\Maze Generator\Maze Generator\Cell.cpp(35,55): warning C4244:         [
C:\dev\Game Dev\SFML_Framework\Maze Generator\Maze Generator\Cell.cpp(35,55): warning C4244:             T=float
C:\dev\Game Dev\SFML_Framework\Maze Generator\Maze Generator\Cell.cpp(35,55): warning C4244:         ]
C:\dev\Game Dev\SFML_Framework\Maze Generator\Maze Generator\Cell.cpp(35,42): warning C4244: 'argument': conversion from 'int' to 'T', possible loss of data
C:\dev\Game Dev\SFML_Framework\Maze Generator\Maze Generator\Cell.cpp(35,42): warning C4244:         with
C:\dev\Game Dev\SFML_Framework\Maze Generator\Maze Generator\Cell.cpp(35,42): warning C4244:         [
C:\dev\Game Dev\SFML_Framework\Maze Generator\Maze Generator\Cell.cpp(35,42): warning C4244:             T=float
C:\dev\Game Dev\SFML_Framework\Maze Generator\Maze Generator\Cell.cpp(35,42): warning C4244:         ]
C:\dev\Game Dev\SFML_Framework\Maze Generator\Maze Generator\Cell.cpp(36,57): warning C4244: 'argument': conversion from 'int' to 'T', possible loss of data
C:\dev\Game Dev\SFML_Framework\Maze Generator\Maze Generator\Cell.cpp(36,57): warning C4244:         with
C:\dev\Game Dev\SFML_Framework\Maze Generator\Maze Generator\Cell.cpp(36,57): warning C4244:         [
C:\dev\Game Dev\SFML_Framework\Maze Generator\Maze Generator\Cell.cpp(36,57): warning C4244:             T=float
C:\dev\Game Dev\SFML_Framework\Maze Generator\Maze Generator\Cell.cpp(36,57): warning C4244:         ]
C:\dev\Game Dev\SFML_Framework\Maze Generator\Maze Generator\Cell.cpp(36,42): warning C4244: 'argument': conversion from 'int' to 'T', possible loss of data
C:\dev\Game Dev\SFML_Framework\Maze Generator\Maze Generator\Cell.cpp(36,42): warning C4244:         with
C:\dev\Game Dev\SFML_Framework\Maze Generator\Maze Generator\Cell.cpp(36,42): warning C4244:         [
C:\dev\Game Dev\SFML_Framework\Maze Generator\Maze Generator\Cell.cpp(36,42): warning C4244:             T=float
C:\dev\Game Dev\SFML_Framework\Maze Generator\Maze Generator\Cell.cpp(36,42): warning C4244:         ]
C:\dev\Game Dev\SFML_Framework\Maze Generator\Maze Generator\Cell.cpp(38,42): warning C4244: 'argument': conversion from 'int' to 'T', possible loss of data
C:\dev\Game Dev\SFML_Framework\Maze Generator\Maze Generator\Cell.cpp(38,42): warning C4244:         with
C:\dev\Game Dev\SFML_Framework\Maze Generator\Maze Generator\Cell.cpp(38,42): warning C4244:         [
C:\dev\Game Dev\SFML_Framework\Maze Generator\Maze Generator\Cell.cpp(38,42): warning C4244:             T=float
C:\dev\Game Dev\SFML_Framework\Maze Generator\Maze Generator\Cell.cpp(38,42): warning C4244:         ]
C:\dev\Game Dev\SFML_Framework\Maze Generator\Maze Generator\Cell.cpp(38,39): warning C4244: 'argument': conversion from 'int' to 'T', possible loss of data
C:\dev\Game Dev\SFML_Framework\Maze Generator\Maze Generator\Cell.cpp(38,39): warning C4244:         with
C:\dev\Game Dev\SFML_Framework\Maze Generator\Maze Generator\Cell.cpp(38,39): warning C4244:         [
C:\dev\Game Dev\SFML_Framework\Maze Generator\Maze Generator\Cell.cpp(38,39): warning C4244:             T=float
C:\dev\Game Dev\SFML_Framework\Maze Generator\Maze Generator\Cell.cpp(38,39): warning C4244:         ]
C:\dev\Game Dev\SFML_Framework\Maze Generator\Maze Generator\Cell.cpp(39,44): warning C4244: 'argument': conversion from 'int' to 'T', possible loss of data
C:\dev\Game Dev\SFML_Framework\Maze Generator\Maze Generator\Cell.cpp(39,44): warning C4244:         with
C:\dev\Game Dev\SFML_Framework\Maze Generator\Maze Generator\Cell.cpp(39,44): warning C4244:         [
C:\dev\Game Dev\SFML_Framework\Maze Generator\Maze Generator\Cell.cpp(39,44): warning C4244:             T=float
C:\dev\Game Dev\SFML_Framework\Maze Generator\Maze Generator\Cell.cpp(39,44): warning C4244:         ]
C:\dev\Game Dev\SFML_Framework\Maze Generator\Maze Generator\Cell.cpp(39,39): warning C4244: 'argument': conversion from 'int' to 'T', possible loss of data
C:\dev\Game Dev\SFML_Framework\Maze Generator\Maze Generator\Cell.cpp(39,39): warning C4244:         with
C:\dev\Game Dev\SFML_Framework\Maze Generator\Maze Generator\Cell.cpp(39,39): warning C4244:         [
C:\dev\Game Dev\SFML_Framework\Maze Generator\Maze Generator\Cell.cpp(39,39): warning C4244:             T=float
C:\dev\Game Dev\SFML_Framework\Maze Generator\Maze Generator\Cell.cpp(39,39): warning C4244:         ]
C:\dev\Game Dev\SFML_Framework\Maze Generator\Maze Generator\Cell.cpp(41,44): warning C4244: 'argument': conversion from 'int' to 'T', possible loss of data
C:\dev\Game Dev\SFML_Framework\Maze Generator\Maze Generator\Cell.cpp(41,44): warning C4244:         with
C:\dev\Game Dev\SFML_Framework\Maze Generator\Maze Generator\Cell.cpp(41,44): warning C4244:         [
C:\dev\Game Dev\SFML_Framework\Maze Generator\Maze Generator\Cell.cpp(41,44): warning C4244:             T=float
C:\dev\Game Dev\SFML_Framework\Maze Generator\Maze Generator\Cell.cpp(41,44): warning C4244:         ]
C:\dev\Game Dev\SFML_Framework\Maze Generator\Maze Generator\Cell.cpp(41,39): warning C4244: 'argument': conversion from 'int' to 'T', possible loss of data
C:\dev\Game Dev\SFML_Framework\Maze Generator\Maze Generator\Cell.cpp(41,39): warning C4244:         with
C:\dev\Game Dev\SFML_Framework\Maze Generator\Maze Generator\Cell.cpp(41,39): warning C4244:         [
C:\dev\Game Dev\SFML_Framework\Maze Generator\Maze Generator\Cell.cpp(41,39): warning C4244:             T=float
C:\dev\Game Dev\SFML_Framework\Maze Generator\Maze Generator\Cell.cpp(41,39): warning C4244:         ]
C:\dev\Game Dev\SFML_Framework\Maze Generator\Maze Generator\Cell.cpp(42,56): warning C4244: 'argument': conversion from 'int' to 'T', possible loss of data
C:\dev\Game Dev\SFML_Framework\Maze Generator\Maze Generator\Cell.cpp(42,56): warning C4244:         with
C:\dev\Game Dev\SFML_Framework\Maze Generator\Maze Generator\Cell.cpp(42,56): warning C4244:         [
C:\dev\Game Dev\SFML_Framework\Maze Generator\Maze Generator\Cell.cpp(42,56): warning C4244:             T=float
C:\dev\Game Dev\SFML_Framework\Maze Generator\Maze Generator\Cell.cpp(42,56): warning C4244:         ]
C:\dev\Game Dev\SFML_Framework\Maze Generator\Maze Generator\Cell.cpp(42,41): warning C4244: 'argument': conversion from 'int' to 'T', possible loss of data
C:\dev\Game Dev\SFML_Framework\Maze Generator\Maze Generator\Cell.cpp(42,41): warning C4244:         with
C:\dev\Game Dev\SFML_Framework\Maze Generator\Maze Generator\Cell.cpp(42,41): warning C4244:         [
C:\dev\Game Dev\SFML_Framework\Maze Generator\Maze Generator\Cell.cpp(42,41): warning C4244:             T=float
C:\dev\Game Dev\SFML_Framework\Maze Generator\Maze Generator\Cell.cpp(42,41): warning C4244:         ]
  Generator.cpp
C:\dev\Game Dev\SFML_Framework\Maze Generator\Maze Generator\Generator.cpp(216,20): warning C4018: '<': signed/unsigned mismatch
C:\dev\Game Dev\SFML_Framework\Maze Generator\Maze Generator\Generator.cpp(227,38): warning C4244: 'argument': conversion from 'int' to 'float', possible loss of data
C:\dev\Game Dev\SFML_Framework\Maze Generator\Maze Generator\Generator.cpp(227,23): warning C4244: 'argument': conversion from 'int' to 'float', possible loss of data
C:\dev\Game Dev\SFML_Framework\Maze Generator\Maze Generator\Generator.cpp(250,23): warning C4244: 'argument': conversion from 'int' to 'float', possible loss of data
C:\dev\Game Dev\SFML_Framework\Maze Generator\Maze Generator\Generator.cpp(250,19): warning C4244: 'argument': conversion from 'int' to 'float', possible loss of data
  main.cpp
  Generating code
  Previous IPDB not found, fall back to full compilation.
  All 270 functions were compiled because no usable IPDB/IOBJ from previous compilation was found.
  Finished generating code
  Maze Generator.vcxproj -> C:\dev\Game Dev\SFML_Framework\Maze Generator\Release\Maze Generator.exe
